<?xml version="1.0" encoding="UTF-8"?>
<testng-results skipped="0" failed="0" total="8" passed="8">
  <reporter-output>
  </reporter-output>
  <suite name="Suite" duration-ms="59141" started-at="2018-10-24T04:27:35Z" finished-at="2018-10-24T04:28:34Z">
    <groups>
    </groups>
    <test name="ChromeTest" duration-ms="49060" started-at="2018-10-24T04:27:35Z" finished-at="2018-10-24T04:28:24Z">
      <class name="com.mani.data.LoginAutomationSite">
        <test-method status="PASS" signature="setUp(java.lang.String)[pri:0, instance:com.mani.data.LoginAutomationSite@6e75aa0d]" name="setUp" is-config="true" duration-ms="16535" started-at="2018-10-24T09:57:35Z" finished-at="2018-10-24T09:57:52Z">
          <params>
            <param index="0">
              <value>
                <![CDATA[chrome]]>
              </value>
            </param>
          </params>
          <reporter-output>
          </reporter-output>
        </test-method> <!-- setUp -->
        <test-method status="PASS" signature="doLogin(java.lang.String, java.lang.String)[pri:0, instance:com.mani.data.LoginAutomationSite@6e75aa0d]" name="doLogin" duration-ms="8184" started-at="2018-10-24T09:57:53Z" data-provider="testData" finished-at="2018-10-24T09:58:01Z">
          <params>
            <param index="0">
              <value>
                <![CDATA[subbu.marani@gmail.com]]>
              </value>
            </param>
            <param index="1">
              <value>
                <![CDATA[Malli@143]]>
              </value>
            </param>
          </params>
          <reporter-output>
          </reporter-output>
        </test-method> <!-- doLogin -->
        <test-method status="PASS" signature="doLogin(java.lang.String, java.lang.String)[pri:0, instance:com.mani.data.LoginAutomationSite@6e75aa0d]" name="doLogin" duration-ms="7570" started-at="2018-10-24T09:58:01Z" data-provider="testData" finished-at="2018-10-24T09:58:09Z">
          <params>
            <param index="0">
              <value>
                <![CDATA[urmail2subbu@gmail.com]]>
              </value>
            </param>
            <param index="1">
              <value>
                <![CDATA[Malli@143]]>
              </value>
            </param>
          </params>
          <reporter-output>
          </reporter-output>
        </test-method> <!-- doLogin -->
        <test-method status="PASS" signature="doLogin(java.lang.String, java.lang.String)[pri:0, instance:com.mani.data.LoginAutomationSite@6e75aa0d]" name="doLogin" duration-ms="7394" started-at="2018-10-24T09:58:09Z" data-provider="testData" finished-at="2018-10-24T09:58:16Z">
          <params>
            <param index="0">
              <value>
                <![CDATA[subbuvoice@gmail.com]]>
              </value>
            </param>
            <param index="1">
              <value>
                <![CDATA[Malli@143]]>
              </value>
            </param>
          </params>
          <reporter-output>
          </reporter-output>
        </test-method> <!-- doLogin -->
        <test-method status="PASS" signature="doLogin(java.lang.String, java.lang.String)[pri:0, instance:com.mani.data.LoginAutomationSite@6e75aa0d]" name="doLogin" duration-ms="7446" started-at="2018-10-24T09:58:16Z" data-provider="testData" finished-at="2018-10-24T09:58:24Z">
          <params>
            <param index="0">
              <value>
                <![CDATA[subbugrid@gmail.com]]>
              </value>
            </param>
            <param index="1">
              <value>
                <![CDATA[Malli@143]]>
              </value>
            </param>
          </params>
          <reporter-output>
          </reporter-output>
        </test-method> <!-- doLogin -->
        <test-method status="PASS" signature="tearDown()[pri:0, instance:com.mani.data.LoginAutomationSite@6e75aa0d]" name="tearDown" is-config="true" duration-ms="260" started-at="2018-10-24T09:58:24Z" finished-at="2018-10-24T09:58:24Z">
          <reporter-output>
          </reporter-output>
        </test-method> <!-- tearDown -->
      </class> <!-- com.mani.data.LoginAutomationSite -->
    </test> <!-- ChromeTest -->
    <test name="Firefoxtest" duration-ms="59141" started-at="2018-10-24T04:27:35Z" finished-at="2018-10-24T04:28:34Z">
      <class name="com.mani.data.LoginAutomationSite">
        <test-method status="PASS" signature="setUp(java.lang.String)[pri:0, instance:com.mani.data.LoginAutomationSite@7f1302d6]" name="setUp" is-config="true" duration-ms="25732" started-at="2018-10-24T09:57:35Z" finished-at="2018-10-24T09:58:01Z">
          <params>
            <param index="0">
              <value>
                <![CDATA[firefox]]>
              </value>
            </param>
          </params>
          <reporter-output>
          </reporter-output>
        </test-method> <!-- setUp -->
        <test-method status="PASS" signature="doLogin(java.lang.String, java.lang.String)[pri:0, instance:com.mani.data.LoginAutomationSite@7f1302d6]" name="doLogin" duration-ms="9035" started-at="2018-10-24T09:58:01Z" data-provider="testData" finished-at="2018-10-24T09:58:10Z">
          <params>
            <param index="0">
              <value>
                <![CDATA[subbu.marani@gmail.com]]>
              </value>
            </param>
            <param index="1">
              <value>
                <![CDATA[Malli@143]]>
              </value>
            </param>
          </params>
          <reporter-output>
          </reporter-output>
        </test-method> <!-- doLogin -->
        <test-method status="PASS" signature="doLogin(java.lang.String, java.lang.String)[pri:0, instance:com.mani.data.LoginAutomationSite@7f1302d6]" name="doLogin" duration-ms="8214" started-at="2018-10-24T09:58:10Z" data-provider="testData" finished-at="2018-10-24T09:58:18Z">
          <params>
            <param index="0">
              <value>
                <![CDATA[urmail2subbu@gmail.com]]>
              </value>
            </param>
            <param index="1">
              <value>
                <![CDATA[Malli@143]]>
              </value>
            </param>
          </params>
          <reporter-output>
          </reporter-output>
        </test-method> <!-- doLogin -->
        <test-method status="PASS" signature="doLogin(java.lang.String, java.lang.String)[pri:0, instance:com.mani.data.LoginAutomationSite@7f1302d6]" name="doLogin" duration-ms="7476" started-at="2018-10-24T09:58:18Z" data-provider="testData" finished-at="2018-10-24T09:58:26Z">
          <params>
            <param index="0">
              <value>
                <![CDATA[subbuvoice@gmail.com]]>
              </value>
            </param>
            <param index="1">
              <value>
                <![CDATA[Malli@143]]>
              </value>
            </param>
          </params>
          <reporter-output>
          </reporter-output>
        </test-method> <!-- doLogin -->
        <test-method status="PASS" signature="doLogin(java.lang.String, java.lang.String)[pri:0, instance:com.mani.data.LoginAutomationSite@7f1302d6]" name="doLogin" duration-ms="6345" started-at="2018-10-24T09:58:26Z" data-provider="testData" finished-at="2018-10-24T09:58:32Z">
          <params>
            <param index="0">
              <value>
                <![CDATA[subbugrid@gmail.com]]>
              </value>
            </param>
            <param index="1">
              <value>
                <![CDATA[Malli@143]]>
              </value>
            </param>
          </params>
          <reporter-output>
          </reporter-output>
        </test-method> <!-- doLogin -->
        <test-method status="PASS" signature="tearDown()[pri:0, instance:com.mani.data.LoginAutomationSite@7f1302d6]" name="tearDown" is-config="true" duration-ms="2072" started-at="2018-10-24T09:58:32Z" finished-at="2018-10-24T09:58:34Z">
          <reporter-output>
          </reporter-output>
        </test-method> <!-- tearDown -->
      </class> <!-- com.mani.data.LoginAutomationSite -->
    </test> <!-- Firefoxtest -->
  </suite> <!-- Suite -->
</testng-results>
