<?xml version="1.0" encoding="UTF-8"?>
<!-- Generated by org.testng.reporters.JUnitXMLReporter -->
<testsuite hostname="DESKTOP-FQKEHJ9" name="ChromeTest" tests="4" failures="0" timestamp="29 Oct 2018 01:04:41 GMT" time="55.63" errors="0">
  <testcase name="doLogin" time="8.688" classname="com.mani.data.LoginAutomationSite"/>
  <testcase name="doLogin" time="9.994" classname="com.mani.data.LoginAutomationSite"/>
  <testcase name="doLogin" time="10.017" classname="com.mani.data.LoginAutomationSite"/>
  <testcase name="doLogin" time="8.766" classname="com.mani.data.LoginAutomationSite"/>
</testsuite> <!-- ChromeTest -->
