<?xml version="1.0" encoding="UTF-8"?>
<!-- Generated by org.testng.reporters.JUnitXMLReporter -->
<testsuite hostname="DESKTOP-FQKEHJ9" name="ChromeTest" tests="4" failures="0" timestamp="24 Oct 2018 04:28:24 GMT" time="49.06" errors="0">
  <testcase name="doLogin" time="8.184" classname="com.mani.data.LoginAutomationSite"/>
  <testcase name="doLogin" time="7.57" classname="com.mani.data.LoginAutomationSite"/>
  <testcase name="doLogin" time="7.394" classname="com.mani.data.LoginAutomationSite"/>
  <testcase name="doLogin" time="7.446" classname="com.mani.data.LoginAutomationSite"/>
</testsuite> <!-- ChromeTest -->
