<?xml version="1.0" encoding="UTF-8"?>
<!-- Generated by org.testng.reporters.JUnitXMLReporter -->
<testsuite hostname="DESKTOP-FQKEHJ9" name="Chrome Test" tests="4" failures="0" timestamp="29 Oct 2018 03:13:18 GMT" time="50.768" errors="0">
  <testcase name="doLogin" time="8.446" classname="com.mani.data.LoginAutomationSite"/>
  <testcase name="doLogin" time="7.732" classname="com.mani.data.LoginAutomationSite"/>
  <testcase name="doLogin" time="8.252" classname="com.mani.data.LoginAutomationSite"/>
  <testcase name="doLogin" time="8.207" classname="com.mani.data.LoginAutomationSite"/>
</testsuite> <!-- Chrome Test -->
