<?xml version="1.0" encoding="UTF-8"?>
<!-- Generated by org.testng.reporters.JUnitXMLReporter -->
<testsuite hostname="DESKTOP-FQKEHJ9" name="Firefox Test" tests="4" failures="0" timestamp="29 Oct 2018 03:13:22 GMT" time="54.861" errors="0">
  <testcase name="doLogin" time="7.771" classname="com.mani.data.LoginAutomationSite"/>
  <testcase name="doLogin" time="7.735" classname="com.mani.data.LoginAutomationSite"/>
  <testcase name="doLogin" time="7.749" classname="com.mani.data.LoginAutomationSite"/>
  <testcase name="doLogin" time="7.124" classname="com.mani.data.LoginAutomationSite"/>
</testsuite> <!-- Firefox Test -->
