<?xml version="1.0" encoding="UTF-8"?>
<!-- Generated by org.testng.reporters.JUnitXMLReporter -->
<testsuite hostname="DESKTOP-FQKEHJ9" name="Firefoxtest" tests="4" failures="0" timestamp="29 Oct 2018 01:04:54 GMT" time="68.682" errors="0">
  <testcase name="doLogin" time="10.669" classname="com.mani.data.LoginAutomationSite"/>
  <testcase name="doLogin" time="8.774" classname="com.mani.data.LoginAutomationSite"/>
  <testcase name="doLogin" time="7.899" classname="com.mani.data.LoginAutomationSite"/>
  <testcase name="doLogin" time="8.194" classname="com.mani.data.LoginAutomationSite"/>
</testsuite> <!-- Firefoxtest -->
