<?xml version="1.0" encoding="UTF-8"?>
<!-- Generated by org.testng.reporters.JUnitXMLReporter -->
<testsuite hostname="DESKTOP-FQKEHJ9" name="IE Test" tests="4" failures="0" timestamp="29 Oct 2018 03:23:27 GMT" time="659.097" errors="0">
  <testcase name="doLogin" time="171.146" classname="com.mani.data.LoginAutomationSite"/>
  <testcase name="doLogin" time="167.781" classname="com.mani.data.LoginAutomationSite"/>
  <testcase name="doLogin" time="156.709" classname="com.mani.data.LoginAutomationSite"/>
  <testcase name="doLogin" time="151.736" classname="com.mani.data.LoginAutomationSite"/>
</testsuite> <!-- IE Test -->
