<?xml version="1.0" encoding="UTF-8"?>
<testng-results skipped="0" failed="0" total="4" passed="4">
  <reporter-output>
  </reporter-output>
  <suite name="Suite" duration-ms="35030" started-at="2019-01-19T19:51:05Z" finished-at="2019-01-19T19:51:40Z">
    <groups>
    </groups>
    <test name="Chrome Test" duration-ms="35030" started-at="2019-01-19T19:51:05Z" finished-at="2019-01-19T19:51:40Z">
      <class name="com.mani.data.LoginAutomationSite">
        <test-method status="PASS" signature="initializeReport()[pri:0, instance:com.mani.data.LoginAutomationSite@39aeed2f]" name="initializeReport" is-config="true" duration-ms="32" started-at="2019-01-20T01:21:05Z" finished-at="2019-01-20T01:21:05Z">
          <reporter-output>
          </reporter-output>
        </test-method> <!-- initializeReport -->
        <test-method status="PASS" signature="setUpBrowser(java.lang.String)[pri:0, instance:com.mani.data.LoginAutomationSite@39aeed2f]" name="setUpBrowser" is-config="true" duration-ms="11487" started-at="2019-01-20T01:21:05Z" finished-at="2019-01-20T01:21:17Z">
          <params>
            <param index="0">
              <value>
                <![CDATA[chrome]]>
              </value>
            </param>
          </params>
          <reporter-output>
          </reporter-output>
        </test-method> <!-- setUpBrowser -->
        <test-method status="PASS" signature="doLogin(java.lang.String, java.lang.String)[pri:0, instance:com.mani.data.LoginAutomationSite@39aeed2f]" name="doLogin" duration-ms="6148" started-at="2019-01-20T01:21:18Z" data-provider="testData" finished-at="2019-01-20T01:21:24Z">
          <params>
            <param index="0">
              <value>
                <![CDATA[subbu.marani@gmail.com]]>
              </value>
            </param>
            <param index="1">
              <value>
                <![CDATA[Malli@143]]>
              </value>
            </param>
          </params>
          <reporter-output>
          </reporter-output>
        </test-method> <!-- doLogin -->
        <test-method status="PASS" signature="doLogin(java.lang.String, java.lang.String)[pri:0, instance:com.mani.data.LoginAutomationSite@39aeed2f]" name="doLogin" duration-ms="5699" started-at="2019-01-20T01:21:24Z" data-provider="testData" finished-at="2019-01-20T01:21:30Z">
          <params>
            <param index="0">
              <value>
                <![CDATA[urmail2subbu@gmail.com]]>
              </value>
            </param>
            <param index="1">
              <value>
                <![CDATA[Malli@143]]>
              </value>
            </param>
          </params>
          <reporter-output>
          </reporter-output>
        </test-method> <!-- doLogin -->
        <test-method status="PASS" signature="doLogin(java.lang.String, java.lang.String)[pri:0, instance:com.mani.data.LoginAutomationSite@39aeed2f]" name="doLogin" duration-ms="5215" started-at="2019-01-20T01:21:30Z" data-provider="testData" finished-at="2019-01-20T01:21:35Z">
          <params>
            <param index="0">
              <value>
                <![CDATA[subbuvoice@gmail.com]]>
              </value>
            </param>
            <param index="1">
              <value>
                <![CDATA[Malli@143]]>
              </value>
            </param>
          </params>
          <reporter-output>
          </reporter-output>
        </test-method> <!-- doLogin -->
        <test-method status="PASS" signature="doLogin(java.lang.String, java.lang.String)[pri:0, instance:com.mani.data.LoginAutomationSite@39aeed2f]" name="doLogin" duration-ms="5300" started-at="2019-01-20T01:21:35Z" data-provider="testData" finished-at="2019-01-20T01:21:40Z">
          <params>
            <param index="0">
              <value>
                <![CDATA[subbugrid@gmail.com]]>
              </value>
            </param>
            <param index="1">
              <value>
                <![CDATA[Malli@143]]>
              </value>
            </param>
          </params>
          <reporter-output>
          </reporter-output>
        </test-method> <!-- doLogin -->
        <test-method status="PASS" signature="tearDown()[pri:0, instance:com.mani.data.LoginAutomationSite@39aeed2f]" name="tearDown" is-config="true" duration-ms="98" started-at="2019-01-20T01:21:40Z" finished-at="2019-01-20T01:21:40Z">
          <reporter-output>
          </reporter-output>
        </test-method> <!-- tearDown -->
        <test-method status="PASS" signature="stopReorts()[pri:0, instance:com.mani.data.LoginAutomationSite@39aeed2f]" name="stopReorts" is-config="true" duration-ms="100" started-at="2019-01-20T01:21:41Z" finished-at="2019-01-20T01:21:41Z">
          <reporter-output>
          </reporter-output>
        </test-method> <!-- stopReorts -->
      </class> <!-- com.mani.data.LoginAutomationSite -->
    </test> <!-- Chrome Test -->
  </suite> <!-- Suite -->
</testng-results>
