<?xml version="1.0" encoding="UTF-8"?>
<!-- Generated by org.testng.reporters.JUnitXMLReporter -->
<testsuite hostname="DESKTOP-FQKEHJ9" name="Firefoxtest" tests="4" failures="0" timestamp="24 Oct 2018 04:28:34 GMT" time="59.141" errors="0">
  <testcase name="doLogin" time="9.035" classname="com.mani.data.LoginAutomationSite"/>
  <testcase name="doLogin" time="8.214" classname="com.mani.data.LoginAutomationSite"/>
  <testcase name="doLogin" time="7.476" classname="com.mani.data.LoginAutomationSite"/>
  <testcase name="doLogin" time="6.345" classname="com.mani.data.LoginAutomationSite"/>
</testsuite> <!-- Firefoxtest -->
